# JRE version: 7.0_21-b11
# Java VM: Java HotSpot(TM) 64-Bit Server VM (23.21-b01 mixed mode windows-amd64 compressed oops)
Heap
 PSYoungGen      total 68352K, used 7736K [0x00000007d6e00000, 0x00000007db5e0000, 0x0000000800000000)
  eden space 63104K, 3% used [0x00000007d6e00000,0x00000007d706e3c0,0x00000007daba0000)
  from space 5248K, 100% used [0x00000007daba0000,0x00000007db0c0000,0x00000007db0c0000)
  to   space 5248K, 0% used [0x00000007db0c0000,0x00000007db0c0000,0x00000007db5e0000)
 ParOldGen       total 84224K, used 24096K [0x0000000784a00000, 0x0000000789c40000, 0x00000007d6e00000)
  object space 84224K, 28% used [0x0000000784a00000,0x00000007861880b0,0x0000000789c40000)
 PSPermGen       total 21248K, used 18793K [0x000000077f800000, 0x0000000780cc0000, 0x0000000784a00000)
  object space 21248K, 88% used [0x000000077f800000,0x0000000780a5a6c8,0x0000000780cc0000)
GC Heap History (10 events):
Event: 1.956 GC heap before
{Heap before GC invocations=3 (full 0):
 PSYoungGen      total 36800K, used 36774K [0x00000007d6e00000, 0x00000007db5e0000, 0x0000000800000000)
  eden space 31552K, 100% used [0x00000007d6e00000,0x00000007d8cd0000,0x00000007d8cd0000)
  from space 5248K, 99% used [0x00000007d91f0000,0x00000007d9709a28,0x00000007d9710000)
  to   space 5248K, 0% used [0x00000007d8cd0000,0x00000007d8cd0000,0x00000007d91f0000)
 ParOldGen       total 84224K, used 2798K [0x0000000784a00000, 0x0000000789c40000, 0x00000007d6e00000)
  object space 84224K, 3% used [0x0000000784a00000,0x0000000784cbb960,0x0000000789c40000)
 PSPermGen       total 21248K, used 12733K [0x000000077f800000, 0x0000000780cc0000, 0x0000000784a00000)
  object space 21248K, 59% used [0x000000077f800000,0x000000078046f490,0x0000000780cc0000)
Event: 1.966 GC heap after
Heap after GC invocations=3 (full 0):
 PSYoungGen      total 36800K, used 5248K [0x00000007d6e00000, 0x00000007db5e0000, 0x0000000800000000)
  eden space 31552K, 0% used [0x00000007d6e00000,0x00000007d6e00000,0x00000007d8cd0000)
  from space 5248K, 100% used [0x00000007d8cd0000,0x00000007d91f0000,0x00000007d91f0000)
  to   space 5248K, 0% used [0x00000007db0c0000,0x00000007db0c0000,0x00000007db5e0000)
 ParOldGen       total 84224K, used 6049K [0x0000000784a00000, 0x0000000789c40000, 0x00000007d6e00000)
  object space 84224K, 7% used [0x0000000784a00000,0x0000000784fe8518,0x0000000789c40000)
 PSPermGen       total 21248K, used 12733K [0x000000077f800000, 0x0000000780cc0000, 0x0000000784a00000)
  object space 21248K, 59% used [0x000000077f800000,0x000000078046f490,0x0000000780cc0000)
}
Event: 2.424 GC heap before
{Heap before GC invocations=4 (full 0):
 PSYoungGen      total 36800K, used 36800K [0x00000007d6e00000, 0x00000007db5e0000, 0x0000000800000000)
  eden space 31552K, 100% used [0x00000007d6e00000,0x00000007d8cd0000,0x00000007d8cd0000)
  from space 5248K, 100% used [0x00000007d8cd0000,0x00000007d91f0000,0x00000007d91f0000)
  to   space 5248K, 0% used [0x00000007db0c0000,0x00000007db0c0000,0x00000007db5e0000)
 ParOldGen       total 84224K, used 6049K [0x0000000784a00000, 0x0000000789c40000, 0x00000007d6e00000)
  object space 84224K, 7% used [0x0000000784a00000,0x0000000784fe8518,0x0000000789c40000)
 PSPermGen       total 21248K, used 12892K [0x000000077f800000, 0x0000000780cc0000, 0x0000000784a00000)
  object space 21248K, 60% used [0x000000077f800000,0x0000000780497018,0x0000000780cc0000)
Event: 2.435 GC heap after
Heap after GC invocations=4 (full 0):
 PSYoungGen      total 68352K, used 5248K [0x00000007d6e00000, 0x00000007db5e0000, 0x0000000800000000)
  eden space 63104K, 0% used [0x00000007d6e00000,0x00000007d6e00000,0x00000007daba0000)
  from space 5248K, 100% used [0x00000007db0c0000,0x00000007db5e0000,0x00000007db5e0000)
  to   space 5248K, 0% used [0x00000007daba0000,0x00000007daba0000,0x00000007db0c0000)
 ParOldGen       total 84224K, used 8623K [0x0000000784a00000, 0x0000000789c40000, 0x00000007d6e00000)
  object space 84224K, 10% used [0x0000000784a00000,0x000000078526be10,0x0000000789c40000)
 PSPermGen       total 21248K, used 12892K [0x000000077f800000, 0x0000000780cc0000, 0x0000000784a00000)
  object space 21248K, 60% used [0x000000077f800000,0x0000000780497018,0x0000000780cc0000)
}
Event: 2.882 GC heap before
{Heap before GC invocations=5 (full 0):
 PSYoungGen      total 68352K, used 68352K [0x00000007d6e00000, 0x00000007db5e0000, 0x0000000800000000)
  eden space 63104K, 100% used [0x00000007d6e00000,0x00000007daba0000,0x00000007daba0000)
  from space 5248K, 100% used [0x00000007db0c0000,0x00000007db5e0000,0x00000007db5e0000)
  to   space 5248K, 0% used [0x00000007daba0000,0x00000007daba0000,0x00000007db0c0000)
 ParOldGen       total 84224K, used 8623K [0x0000000784a00000, 0x0000000789c40000, 0x00000007d6e00000)
  object space 84224K, 10% used [0x0000000784a00000,0x000000078526be10,0x0000000789c40000)
 PSPermGen       total 21248K, used 13155K [0x000000077f800000, 0x0000000780cc0000, 0x0000000784a00000)
  object space 21248K, 61% used [0x000000077f800000,0x00000007804d8fe8,0x0000000780cc0000)
Event: 2.894 GC heap after
Heap after GC invocations=5 (full 0):
 PSYoungGen      total 68352K, used 5232K [0x00000007d6e00000, 0x00000007db5e0000, 0x0000000800000000)
  eden space 63104K, 0% used [0x00000007d6e00000,0x00000007d6e00000,0x00000007daba0000)
  from space 5248K, 99% used [0x00000007daba0000,0x00000007db0bc010,0x00000007db0c0000)
  to   space 5248K, 0% used [0x00000007db0c0000,0x00000007db0c0000,0x00000007db5e0000)
 ParOldGen       total 84224K, used 14961K [0x0000000784a00000, 0x0000000789c40000, 0x00000007d6e00000)
  object space 84224K, 17% used [0x0000000784a00000,0x000000078589c728,0x0000000789c40000)
 PSPermGen       total 21248K, used 13155K [0x000000077f800000, 0x0000000780cc0000, 0x0000000784a00000)
  object space 21248K, 61% used [0x000000077f800000,0x00000007804d8fe8,0x0000000780cc0000)
}
Event: 3.744 GC heap before
{Heap before GC invocations=6 (full 0):
 PSYoungGen      total 68352K, used 68336K [0x00000007d6e00000, 0x00000007db5e0000, 0x0000000800000000)
  eden space 63104K, 100% used [0x00000007d6e00000,0x00000007daba0000,0x00000007daba0000)
  from space 5248K, 99% used [0x00000007daba0000,0x00000007db0bc010,0x00000007db0c0000)
  to   space 5248K, 0% used [0x00000007db0c0000,0x00000007db0c0000,0x00000007db5e0000)
 ParOldGen       total 84224K, used 14961K [0x0000000784a00000, 0x0000000789c40000, 0x00000007d6e00000)
  object space 84224K, 17% used [0x0000000784a00000,0x000000078589c728,0x0000000789c40000)
 PSPermGen       total 21248K, used 13913K [0x000000077f800000, 0x0000000780cc0000, 0x0000000784a00000)
  object space 21248K, 65% used [0x000000077f800000,0x0000000780596478,0x0000000780cc0000)
Event: 3.754 GC heap after
Heap after GC invocations=6 (full 0):
 PSYoungGen      total 68352K, used 5248K [0x00000007d6e00000, 0x00000007db5e0000, 0x0000000800000000)
  eden space 63104K, 0% used [0x00000007d6e00000,0x00000007d6e00000,0x00000007daba0000)
  from space 5248K, 100% used [0x00000007db0c0000,0x00000007db5e0000,0x00000007db5e0000)
  to   space 5248K, 0% used [0x00000007daba0000,0x00000007daba0000,0x00000007db0c0000)
 ParOldGen       total 84224K, used 18549K [0x0000000784a00000, 0x0000000789c40000, 0x00000007d6e00000)
  object space 84224K, 22% used [0x0000000784a00000,0x0000000785c1d780,0x0000000789c40000)
 PSPermGen       total 21248K, used 13913K [0x000000077f800000, 0x0000000780cc0000, 0x0000000784a00000)
  object space 21248K, 65% used [0x000000077f800000,0x0000000780596478,0x0000000780cc0000)
}
Event: 5.049 GC heap before
{Heap before GC invocations=7 (full 0):
 PSYoungGen      total 68352K, used 68352K [0x00000007d6e00000, 0x00000007db5e0000, 0x0000000800000000)
  eden space 63104K, 100% used [0x00000007d6e00000,0x00000007daba0000,0x00000007daba0000)
  from space 5248K, 100% used [0x00000007db0c0000,0x00000007db5e0000,0x00000007db5e0000)
  to   space 5248K, 0% used [0x00000007daba0000,0x00000007daba0000,0x00000007db0c0000)
 ParOldGen       total 84224K, used 18549K [0x0000000784a00000, 0x0000000789c40000, 0x00000007d6e00000)
  object space 84224K, 22% used [0x0000000784a00000,0x0000000785c1d780,0x0000000789c40000)
 PSPermGen       total 21248K, used 18791K [0x000000077f800000, 0x0000000780cc0000, 0x0000000784a00000)
  object space 21248K, 88% used [0x000000077f800000,0x0000000780a59c18,0x0000000780cc0000)
Event: 5.064 GC heap after
Heap after GC invocations=7 (full 0):
 PSYoungGen      total 68352K, used 5248K [0x00000007d6e00000, 0x00000007db5e0000, 0x0000000800000000)
  eden space 63104K, 0% used [0x00000007d6e00000,0x00000007d6e00000,0x00000007daba0000)
  from space 5248K, 100% used [0x00000007daba0000,0x00000007db0c0000,0x00000007db0c0000)
  to   space 5248K, 0% used [0x00000007db0c0000,0x00000007db0c0000,0x00000007db5e0000)
 ParOldGen       total 84224K, used 24096K [0x0000000784a00000, 0x0000000789c40000, 0x00000007d6e00000)
  object space 84224K, 28% used [0x0000000784a00000,0x00000007861880b0,0x0000000789c40000)
 PSPermGen       total 21248K, used 18791K [0x000000077f800000, 0x0000000780cc0000, 0x0000000784a00000)
  object space 21248K, 88% used [0x000000077f800000,0x0000000780a59c18,0x0000000780cc0000)
}

